   1               		.file	"timer.c"
   2               	__SP_H__ = 0x3e
   3               	__SP_L__ = 0x3d
   4               	__SREG__ = 0x3f
   5               	__tmp_reg__ = 0
   6               	__zero_reg__ = 1
   8               		.text
   9               	.Ltext0:
 119               	.global	timer0Init
 121               	timer0Init:
   1:/Users/Roger/Library/Mobile Documents/com~apple~CloudDocs/Firmwares/XAVR/DOC_xavr/DOC_xavr/timer.c **** //
   2:/Users/Roger/Library/Mobile Documents/com~apple~CloudDocs/Firmwares/XAVR/DOC_xavr/DOC_xavr/timer.c **** //  timer.c
   3:/Users/Roger/Library/Mobile Documents/com~apple~CloudDocs/Firmwares/XAVR/DOC_xavr/DOC_xavr/timer.c **** //  
   4:/Users/Roger/Library/Mobile Documents/com~apple~CloudDocs/Firmwares/XAVR/DOC_xavr/DOC_xavr/timer.c **** //
   5:/Users/Roger/Library/Mobile Documents/com~apple~CloudDocs/Firmwares/XAVR/DOC_xavr/DOC_xavr/timer.c **** //  Created by Roger on 2016-05-23.
   6:/Users/Roger/Library/Mobile Documents/com~apple~CloudDocs/Firmwares/XAVR/DOC_xavr/DOC_xavr/timer.c **** //
   7:/Users/Roger/Library/Mobile Documents/com~apple~CloudDocs/Firmwares/XAVR/DOC_xavr/DOC_xavr/timer.c **** //
   8:/Users/Roger/Library/Mobile Documents/com~apple~CloudDocs/Firmwares/XAVR/DOC_xavr/DOC_xavr/timer.c **** 
   9:/Users/Roger/Library/Mobile Documents/com~apple~CloudDocs/Firmwares/XAVR/DOC_xavr/DOC_xavr/timer.c **** #include <avr/io.h>
  10:/Users/Roger/Library/Mobile Documents/com~apple~CloudDocs/Firmwares/XAVR/DOC_xavr/DOC_xavr/timer.c **** #include <avr/interrupt.h>
  11:/Users/Roger/Library/Mobile Documents/com~apple~CloudDocs/Firmwares/XAVR/DOC_xavr/DOC_xavr/timer.c **** #include <avr/sleep.h>
  12:/Users/Roger/Library/Mobile Documents/com~apple~CloudDocs/Firmwares/XAVR/DOC_xavr/DOC_xavr/timer.c **** #include "DOC_head.h"
  13:/Users/Roger/Library/Mobile Documents/com~apple~CloudDocs/Firmwares/XAVR/DOC_xavr/DOC_xavr/timer.c **** #include "timer.h"
  14:/Users/Roger/Library/Mobile Documents/com~apple~CloudDocs/Firmwares/XAVR/DOC_xavr/DOC_xavr/timer.c **** #include "adc.h"
  15:/Users/Roger/Library/Mobile Documents/com~apple~CloudDocs/Firmwares/XAVR/DOC_xavr/DOC_xavr/timer.c **** 
  16:/Users/Roger/Library/Mobile Documents/com~apple~CloudDocs/Firmwares/XAVR/DOC_xavr/DOC_xavr/timer.c **** u8 numbers[] = {0xD7, 0x14, 0xE6, 0xB6, 0x35, 0xB3, 0xF3, 0x16, 0xF7, 0xB7, 0x00, 0xE1, 0xE1, 0xF0,
  17:/Users/Roger/Library/Mobile Documents/com~apple~CloudDocs/Firmwares/XAVR/DOC_xavr/DOC_xavr/timer.c **** static u8 digits[] = {0,0,0,0}; //these are actually the values of the 4 digits.  Will use these to
  18:/Users/Roger/Library/Mobile Documents/com~apple~CloudDocs/Firmwares/XAVR/DOC_xavr/DOC_xavr/timer.c **** static u8 placeholder = 0;  //will cycle from 0-3 and repeat.  Will determine which of the 4 P-ch F
  19:/Users/Roger/Library/Mobile Documents/com~apple~CloudDocs/Firmwares/XAVR/DOC_xavr/DOC_xavr/timer.c **** static u8 butstat = 0;	//will use this as a boolean to check the stat of the button.
  20:/Users/Roger/Library/Mobile Documents/com~apple~CloudDocs/Firmwares/XAVR/DOC_xavr/DOC_xavr/timer.c **** static u8 laststat = 0;	//will use this to check current vs previous status of the button to know i
  21:/Users/Roger/Library/Mobile Documents/com~apple~CloudDocs/Firmwares/XAVR/DOC_xavr/DOC_xavr/timer.c **** static u8 fallarm = 0;	//when the button has been detected hi for a minimum time (5mS) will set thi
  22:/Users/Roger/Library/Mobile Documents/com~apple~CloudDocs/Firmwares/XAVR/DOC_xavr/DOC_xavr/timer.c **** static u8 clockstat = clockrun;	//enumerated in header file.  will tell timer overflow isr what/how
  23:/Users/Roger/Library/Mobile Documents/com~apple~CloudDocs/Firmwares/XAVR/DOC_xavr/DOC_xavr/timer.c **** static u8 turnoff_arm = 1;	//will kill this when reading the ADC and then re-arm upon wakeup.
  24:/Users/Roger/Library/Mobile Documents/com~apple~CloudDocs/Firmwares/XAVR/DOC_xavr/DOC_xavr/timer.c **** static u8 intensity;    //value from 0-9 to control of intensity of display, will be changeable on 
  25:/Users/Roger/Library/Mobile Documents/com~apple~CloudDocs/Firmwares/XAVR/DOC_xavr/DOC_xavr/timer.c **** static u16 cyclesinstat = 0;	//how many cycles have I been in this status
  26:/Users/Roger/Library/Mobile Documents/com~apple~CloudDocs/Firmwares/XAVR/DOC_xavr/DOC_xavr/timer.c **** 
  27:/Users/Roger/Library/Mobile Documents/com~apple~CloudDocs/Firmwares/XAVR/DOC_xavr/DOC_xavr/timer.c **** 
  28:/Users/Roger/Library/Mobile Documents/com~apple~CloudDocs/Firmwares/XAVR/DOC_xavr/DOC_xavr/timer.c **** //initialize timer0 with a 200uS rollover to trigger an ISR
  29:/Users/Roger/Library/Mobile Documents/com~apple~CloudDocs/Firmwares/XAVR/DOC_xavr/DOC_xavr/timer.c **** void timer0Init(void){
 123               	.LM0:
 124               	.LFBB1:
 125               	/* prologue: function */
 126               	/* frame size = 0 */
 127               	/* stack size = 0 */
 128               	.L__stack_usage = 0
  30:/Users/Roger/Library/Mobile Documents/com~apple~CloudDocs/Firmwares/XAVR/DOC_xavr/DOC_xavr/timer.c ****     OCR0A = timerroll;   //timerroll is defined in DOC_head.h depending on clock frequency
 130               	.LM1:
 131 0000 83E6      		ldi r24,lo8(99)
 132 0002 87BD      		out 0x27,r24
  31:/Users/Roger/Library/Mobile Documents/com~apple~CloudDocs/Firmwares/XAVR/DOC_xavr/DOC_xavr/timer.c ****     TCCR0A = 0x02;  //set WGM for CTC mode with OCR0A as top
 134               	.LM2:
 135 0004 82E0      		ldi r24,lo8(2)
 136 0006 84BD      		out 0x24,r24
  32:/Users/Roger/Library/Mobile Documents/com~apple~CloudDocs/Firmwares/XAVR/DOC_xavr/DOC_xavr/timer.c ****     TCCR0B = 0x02;  //set CS1 for /8 prescaler
 138               	.LM3:
 139 0008 85BD      		out 0x25,r24
  33:/Users/Roger/Library/Mobile Documents/com~apple~CloudDocs/Firmwares/XAVR/DOC_xavr/DOC_xavr/timer.c ****     TIFR0 |= 0x02;  //clear the OCF0A overflow flag
 141               	.LM4:
 142 000a A99A      		sbi 0x15,1
  34:/Users/Roger/Library/Mobile Documents/com~apple~CloudDocs/Firmwares/XAVR/DOC_xavr/DOC_xavr/timer.c ****     TIMSK0 |= 0x02; //Enable interrupts from Timer0 OverflowA
 144               	.LM5:
 145 000c EEE6      		ldi r30,lo8(110)
 146 000e F0E0      		ldi r31,0
 147 0010 8081      		ld r24,Z
 148 0012 8260      		ori r24,lo8(2)
 149 0014 8083      		st Z,r24
 150 0016 0895      		ret
 152               	.Lscope1:
 155               	.global	initialize_intensity
 157               	initialize_intensity:
  35:/Users/Roger/Library/Mobile Documents/com~apple~CloudDocs/Firmwares/XAVR/DOC_xavr/DOC_xavr/timer.c ****     
  36:/Users/Roger/Library/Mobile Documents/com~apple~CloudDocs/Firmwares/XAVR/DOC_xavr/DOC_xavr/timer.c **** }
  37:/Users/Roger/Library/Mobile Documents/com~apple~CloudDocs/Firmwares/XAVR/DOC_xavr/DOC_xavr/timer.c **** 
  38:/Users/Roger/Library/Mobile Documents/com~apple~CloudDocs/Firmwares/XAVR/DOC_xavr/DOC_xavr/timer.c **** void initialize_intensity (u8 intense){
 159               	.LM6:
 160               	.LFBB2:
 161               	/* prologue: function */
 162               	/* frame size = 0 */
 163               	/* stack size = 0 */
 164               	.L__stack_usage = 0
  39:/Users/Roger/Library/Mobile Documents/com~apple~CloudDocs/Firmwares/XAVR/DOC_xavr/DOC_xavr/timer.c ****     intensity = intense;
 166               	.LM7:
 167 0018 8093 0000 		sts intensity,r24
 168 001c 0895      		ret
 170               	.Lscope2:
 172               	.global	next_digit
 174               	next_digit:
  40:/Users/Roger/Library/Mobile Documents/com~apple~CloudDocs/Firmwares/XAVR/DOC_xavr/DOC_xavr/timer.c **** }
  41:/Users/Roger/Library/Mobile Documents/com~apple~CloudDocs/Firmwares/XAVR/DOC_xavr/DOC_xavr/timer.c **** 
  42:/Users/Roger/Library/Mobile Documents/com~apple~CloudDocs/Firmwares/XAVR/DOC_xavr/DOC_xavr/timer.c **** 
  43:/Users/Roger/Library/Mobile Documents/com~apple~CloudDocs/Firmwares/XAVR/DOC_xavr/DOC_xavr/timer.c **** //Timer0 CompareA Interrupt
  44:/Users/Roger/Library/Mobile Documents/com~apple~CloudDocs/Firmwares/XAVR/DOC_xavr/DOC_xavr/timer.c **** ISR(TIMER0_COMPA_vect)	{
  45:/Users/Roger/Library/Mobile Documents/com~apple~CloudDocs/Firmwares/XAVR/DOC_xavr/DOC_xavr/timer.c ****     static u8 two_hun_mics = 0;
  46:/Users/Roger/Library/Mobile Documents/com~apple~CloudDocs/Firmwares/XAVR/DOC_xavr/DOC_xavr/timer.c ****     static u16 two_milliseconds = 0;
  47:/Users/Roger/Library/Mobile Documents/com~apple~CloudDocs/Firmwares/XAVR/DOC_xavr/DOC_xavr/timer.c **** 	
  48:/Users/Roger/Library/Mobile Documents/com~apple~CloudDocs/Firmwares/XAVR/DOC_xavr/DOC_xavr/timer.c **** 	
  49:/Users/Roger/Library/Mobile Documents/com~apple~CloudDocs/Firmwares/XAVR/DOC_xavr/DOC_xavr/timer.c **** 	
  50:/Users/Roger/Library/Mobile Documents/com~apple~CloudDocs/Firmwares/XAVR/DOC_xavr/DOC_xavr/timer.c **** 	butstat = (PINB & 0x01);
  51:/Users/Roger/Library/Mobile Documents/com~apple~CloudDocs/Firmwares/XAVR/DOC_xavr/DOC_xavr/timer.c **** 	if(butstat == laststat){
  52:/Users/Roger/Library/Mobile Documents/com~apple~CloudDocs/Firmwares/XAVR/DOC_xavr/DOC_xavr/timer.c **** 		cyclesinstat ++;
  53:/Users/Roger/Library/Mobile Documents/com~apple~CloudDocs/Firmwares/XAVR/DOC_xavr/DOC_xavr/timer.c **** 	} else{	//count how many times I've been in this status
  54:/Users/Roger/Library/Mobile Documents/com~apple~CloudDocs/Firmwares/XAVR/DOC_xavr/DOC_xavr/timer.c **** 		cyclesinstat = 0;
  55:/Users/Roger/Library/Mobile Documents/com~apple~CloudDocs/Firmwares/XAVR/DOC_xavr/DOC_xavr/timer.c **** 	} //reset counter if the status has changed.
  56:/Users/Roger/Library/Mobile Documents/com~apple~CloudDocs/Firmwares/XAVR/DOC_xavr/DOC_xavr/timer.c **** 	if ((cyclesinstat > 50) && laststat && turnoff_arm ){
  57:/Users/Roger/Library/Mobile Documents/com~apple~CloudDocs/Firmwares/XAVR/DOC_xavr/DOC_xavr/timer.c **** 		fallarm = 1;
  58:/Users/Roger/Library/Mobile Documents/com~apple~CloudDocs/Firmwares/XAVR/DOC_xavr/DOC_xavr/timer.c **** 		clockstat = clockrun;
  59:/Users/Roger/Library/Mobile Documents/com~apple~CloudDocs/Firmwares/XAVR/DOC_xavr/DOC_xavr/timer.c **** 	}	//if the button is hi and it's been hi for 50 cycles (50 x 200uS = 10mS), set it up so the next 
  60:/Users/Roger/Library/Mobile Documents/com~apple~CloudDocs/Firmwares/XAVR/DOC_xavr/DOC_xavr/timer.c **** 	if(fallarm && !butstat){		//if the button was armed and a falling edge was detected
  61:/Users/Roger/Library/Mobile Documents/com~apple~CloudDocs/Firmwares/XAVR/DOC_xavr/DOC_xavr/timer.c **** 		fallarm = 0;
  62:/Users/Roger/Library/Mobile Documents/com~apple~CloudDocs/Firmwares/XAVR/DOC_xavr/DOC_xavr/timer.c **** 		timeequals0();
  63:/Users/Roger/Library/Mobile Documents/com~apple~CloudDocs/Firmwares/XAVR/DOC_xavr/DOC_xavr/timer.c **** 		clockstat = clockoff;
  64:/Users/Roger/Library/Mobile Documents/com~apple~CloudDocs/Firmwares/XAVR/DOC_xavr/DOC_xavr/timer.c **** 		}
  65:/Users/Roger/Library/Mobile Documents/com~apple~CloudDocs/Firmwares/XAVR/DOC_xavr/DOC_xavr/timer.c **** 		if(turnoff_arm && !butstat && (cyclesinstat >= 0x2710))	//if the button has been low for 2 second
  66:/Users/Roger/Library/Mobile Documents/com~apple~CloudDocs/Firmwares/XAVR/DOC_xavr/DOC_xavr/timer.c **** 		{
  67:/Users/Roger/Library/Mobile Documents/com~apple~CloudDocs/Firmwares/XAVR/DOC_xavr/DOC_xavr/timer.c **** 			two_milliseconds = 0;	//reset the counter so next phase will be triggered 1 second later.
  68:/Users/Roger/Library/Mobile Documents/com~apple~CloudDocs/Firmwares/XAVR/DOC_xavr/DOC_xavr/timer.c **** 			display_batt();
  69:/Users/Roger/Library/Mobile Documents/com~apple~CloudDocs/Firmwares/XAVR/DOC_xavr/DOC_xavr/timer.c **** 			clockstat = batdisp;
  70:/Users/Roger/Library/Mobile Documents/com~apple~CloudDocs/Firmwares/XAVR/DOC_xavr/DOC_xavr/timer.c **** 			turnoff_arm = 0;	//don't come back until this is re-armed at wakeup
  71:/Users/Roger/Library/Mobile Documents/com~apple~CloudDocs/Firmwares/XAVR/DOC_xavr/DOC_xavr/timer.c **** 		}
  72:/Users/Roger/Library/Mobile Documents/com~apple~CloudDocs/Firmwares/XAVR/DOC_xavr/DOC_xavr/timer.c ****     if((clockstat == intenset) && butstat){
  73:/Users/Roger/Library/Mobile Documents/com~apple~CloudDocs/Firmwares/XAVR/DOC_xavr/DOC_xavr/timer.c ****         timeequals0();
  74:/Users/Roger/Library/Mobile Documents/com~apple~CloudDocs/Firmwares/XAVR/DOC_xavr/DOC_xavr/timer.c ****         turnoff_arm = 1;
  75:/Users/Roger/Library/Mobile Documents/com~apple~CloudDocs/Firmwares/XAVR/DOC_xavr/DOC_xavr/timer.c ****         clockstat = clockrun;
  76:/Users/Roger/Library/Mobile Documents/com~apple~CloudDocs/Firmwares/XAVR/DOC_xavr/DOC_xavr/timer.c ****     }
  77:/Users/Roger/Library/Mobile Documents/com~apple~CloudDocs/Firmwares/XAVR/DOC_xavr/DOC_xavr/timer.c **** 	laststat = butstat;	//make sure laststat is up to speed for next round
  78:/Users/Roger/Library/Mobile Documents/com~apple~CloudDocs/Firmwares/XAVR/DOC_xavr/DOC_xavr/timer.c **** 
  79:/Users/Roger/Library/Mobile Documents/com~apple~CloudDocs/Firmwares/XAVR/DOC_xavr/DOC_xavr/timer.c **** 
  80:/Users/Roger/Library/Mobile Documents/com~apple~CloudDocs/Firmwares/XAVR/DOC_xavr/DOC_xavr/timer.c ****     two_hun_mics ++;
  81:/Users/Roger/Library/Mobile Documents/com~apple~CloudDocs/Firmwares/XAVR/DOC_xavr/DOC_xavr/timer.c ****     if (two_hun_mics >= intensity){ //once the intensity level is reached will kill the active LED
  82:/Users/Roger/Library/Mobile Documents/com~apple~CloudDocs/Firmwares/XAVR/DOC_xavr/DOC_xavr/timer.c ****         PORTC|= 0x0F;  //this will set the 4 LSB's of Port C, ensuring all anodes are off
  83:/Users/Roger/Library/Mobile Documents/com~apple~CloudDocs/Firmwares/XAVR/DOC_xavr/DOC_xavr/timer.c ****     }   //end of checking intensity
  84:/Users/Roger/Library/Mobile Documents/com~apple~CloudDocs/Firmwares/XAVR/DOC_xavr/DOC_xavr/timer.c ****     
  85:/Users/Roger/Library/Mobile Documents/com~apple~CloudDocs/Firmwares/XAVR/DOC_xavr/DOC_xavr/timer.c ****     if (two_hun_mics >= 10){
  86:/Users/Roger/Library/Mobile Documents/com~apple~CloudDocs/Firmwares/XAVR/DOC_xavr/DOC_xavr/timer.c ****         next_digit();   //function to cycle the 4 LSB's of PORTC to ensure that we're walking throu
  87:/Users/Roger/Library/Mobile Documents/com~apple~CloudDocs/Firmwares/XAVR/DOC_xavr/DOC_xavr/timer.c ****         two_hun_mics = 0;   //reset this value for next round
  88:/Users/Roger/Library/Mobile Documents/com~apple~CloudDocs/Firmwares/XAVR/DOC_xavr/DOC_xavr/timer.c ****         two_milliseconds ++;    //if I've made it through 20 cycles of 100uS, increment the 2mS cnt
  89:/Users/Roger/Library/Mobile Documents/com~apple~CloudDocs/Firmwares/XAVR/DOC_xavr/DOC_xavr/timer.c **** 		
  90:/Users/Roger/Library/Mobile Documents/com~apple~CloudDocs/Firmwares/XAVR/DOC_xavr/DOC_xavr/timer.c ****     }   //end of 2mS cycle
  91:/Users/Roger/Library/Mobile Documents/com~apple~CloudDocs/Firmwares/XAVR/DOC_xavr/DOC_xavr/timer.c ****     
  92:/Users/Roger/Library/Mobile Documents/com~apple~CloudDocs/Firmwares/XAVR/DOC_xavr/DOC_xavr/timer.c **** 	
  93:/Users/Roger/Library/Mobile Documents/com~apple~CloudDocs/Firmwares/XAVR/DOC_xavr/DOC_xavr/timer.c ****     if(two_milliseconds >=500){
  94:/Users/Roger/Library/Mobile Documents/com~apple~CloudDocs/Firmwares/XAVR/DOC_xavr/DOC_xavr/timer.c ****         
  95:/Users/Roger/Library/Mobile Documents/com~apple~CloudDocs/Firmwares/XAVR/DOC_xavr/DOC_xavr/timer.c ****       //  what to do every second will vary depending on status of 'clockstat'
  96:/Users/Roger/Library/Mobile Documents/com~apple~CloudDocs/Firmwares/XAVR/DOC_xavr/DOC_xavr/timer.c ****          switch (clockstat){
  97:/Users/Roger/Library/Mobile Documents/com~apple~CloudDocs/Firmwares/XAVR/DOC_xavr/DOC_xavr/timer.c ****          case clockrun:
  98:/Users/Roger/Library/Mobile Documents/com~apple~CloudDocs/Firmwares/XAVR/DOC_xavr/DOC_xavr/timer.c ****             inc_seconds(); //if we get to the 1 second rollover and we're in clockrun mode, increme
  99:/Users/Roger/Library/Mobile Documents/com~apple~CloudDocs/Firmwares/XAVR/DOC_xavr/DOC_xavr/timer.c ****          break;
 100:/Users/Roger/Library/Mobile Documents/com~apple~CloudDocs/Firmwares/XAVR/DOC_xavr/DOC_xavr/timer.c ****          
 101:/Users/Roger/Library/Mobile Documents/com~apple~CloudDocs/Firmwares/XAVR/DOC_xavr/DOC_xavr/timer.c ****           case batdisp:
 102:/Users/Roger/Library/Mobile Documents/com~apple~CloudDocs/Firmwares/XAVR/DOC_xavr/DOC_xavr/timer.c ****             display_volts (read_ADC()); //get the ADC value of the battery voltage and splash it up
 103:/Users/Roger/Library/Mobile Documents/com~apple~CloudDocs/Firmwares/XAVR/DOC_xavr/DOC_xavr/timer.c ****             clockstat = voltdisp;  //go to the mode where I'l wait for the button to have been rele
 104:/Users/Roger/Library/Mobile Documents/com~apple~CloudDocs/Firmwares/XAVR/DOC_xavr/DOC_xavr/timer.c ****          break;
 105:/Users/Roger/Library/Mobile Documents/com~apple~CloudDocs/Firmwares/XAVR/DOC_xavr/DOC_xavr/timer.c ****                  
 106:/Users/Roger/Library/Mobile Documents/com~apple~CloudDocs/Firmwares/XAVR/DOC_xavr/DOC_xavr/timer.c ****                  
 107:/Users/Roger/Library/Mobile Documents/com~apple~CloudDocs/Firmwares/XAVR/DOC_xavr/DOC_xavr/timer.c ****           case intenset:
 108:/Users/Roger/Library/Mobile Documents/com~apple~CloudDocs/Firmwares/XAVR/DOC_xavr/DOC_xavr/timer.c ****           
 109:/Users/Roger/Library/Mobile Documents/com~apple~CloudDocs/Firmwares/XAVR/DOC_xavr/DOC_xavr/timer.c ****                  display_intensity();
 110:/Users/Roger/Library/Mobile Documents/com~apple~CloudDocs/Firmwares/XAVR/DOC_xavr/DOC_xavr/timer.c ****                  
 111:/Users/Roger/Library/Mobile Documents/com~apple~CloudDocs/Firmwares/XAVR/DOC_xavr/DOC_xavr/timer.c ****                  break;
 112:/Users/Roger/Library/Mobile Documents/com~apple~CloudDocs/Firmwares/XAVR/DOC_xavr/DOC_xavr/timer.c ****                  
 113:/Users/Roger/Library/Mobile Documents/com~apple~CloudDocs/Firmwares/XAVR/DOC_xavr/DOC_xavr/timer.c ****          
 114:/Users/Roger/Library/Mobile Documents/com~apple~CloudDocs/Firmwares/XAVR/DOC_xavr/DOC_xavr/timer.c ****          case voltdisp:
 115:/Users/Roger/Library/Mobile Documents/com~apple~CloudDocs/Firmwares/XAVR/DOC_xavr/DOC_xavr/timer.c ****             if(butstat && (cyclesinstat >= 0x2710)){
 116:/Users/Roger/Library/Mobile Documents/com~apple~CloudDocs/Firmwares/XAVR/DOC_xavr/DOC_xavr/timer.c ****             setsleepstat(1);   //this will set a flag in a function in main.c to initiate shutting 
 117:/Users/Roger/Library/Mobile Documents/com~apple~CloudDocs/Firmwares/XAVR/DOC_xavr/DOC_xavr/timer.c ****             } else if (!butstat && (cyclesinstat >= 0x4E20)){
 118:/Users/Roger/Library/Mobile Documents/com~apple~CloudDocs/Firmwares/XAVR/DOC_xavr/DOC_xavr/timer.c ****                 clockstat = intenset; } //if the button's been down for 4 seconds and we're in this
 119:/Users/Roger/Library/Mobile Documents/com~apple~CloudDocs/Firmwares/XAVR/DOC_xavr/DOC_xavr/timer.c **** 
 120:/Users/Roger/Library/Mobile Documents/com~apple~CloudDocs/Firmwares/XAVR/DOC_xavr/DOC_xavr/timer.c ****          break; //shouldn't need to break out of here but why not
 121:/Users/Roger/Library/Mobile Documents/com~apple~CloudDocs/Firmwares/XAVR/DOC_xavr/DOC_xavr/timer.c ****          }  //end of switch/case
 122:/Users/Roger/Library/Mobile Documents/com~apple~CloudDocs/Firmwares/XAVR/DOC_xavr/DOC_xavr/timer.c ****         
 123:/Users/Roger/Library/Mobile Documents/com~apple~CloudDocs/Firmwares/XAVR/DOC_xavr/DOC_xavr/timer.c **** 		two_milliseconds = 0;
 124:/Users/Roger/Library/Mobile Documents/com~apple~CloudDocs/Firmwares/XAVR/DOC_xavr/DOC_xavr/timer.c ****     }
 125:/Users/Roger/Library/Mobile Documents/com~apple~CloudDocs/Firmwares/XAVR/DOC_xavr/DOC_xavr/timer.c **** 	
 126:/Users/Roger/Library/Mobile Documents/com~apple~CloudDocs/Firmwares/XAVR/DOC_xavr/DOC_xavr/timer.c **** }	//end of ISR
 127:/Users/Roger/Library/Mobile Documents/com~apple~CloudDocs/Firmwares/XAVR/DOC_xavr/DOC_xavr/timer.c **** 
 128:/Users/Roger/Library/Mobile Documents/com~apple~CloudDocs/Firmwares/XAVR/DOC_xavr/DOC_xavr/timer.c **** 
 129:/Users/Roger/Library/Mobile Documents/com~apple~CloudDocs/Firmwares/XAVR/DOC_xavr/DOC_xavr/timer.c **** 
 130:/Users/Roger/Library/Mobile Documents/com~apple~CloudDocs/Firmwares/XAVR/DOC_xavr/DOC_xavr/timer.c **** //this function will cycle the anodes of the diodes and turn the appropriate anode on (turning it o
 131:/Users/Roger/Library/Mobile Documents/com~apple~CloudDocs/Firmwares/XAVR/DOC_xavr/DOC_xavr/timer.c **** void next_digit(void){
 176               	.LM8:
 177               	.LFBB3:
 178 001e CF93      		push r28
 179 0020 DF93      		push r29
 180 0022 00D0      		rcall .
 181 0024 00D0      		rcall .
 182 0026 CDB7      		in r28,__SP_L__
 183 0028 DEB7      		in r29,__SP_H__
 184               	/* prologue: function */
 185               	/* frame size = 4 */
 186               	/* stack size = 6 */
 187               	.L__stack_usage = 6
 132:/Users/Roger/Library/Mobile Documents/com~apple~CloudDocs/Firmwares/XAVR/DOC_xavr/DOC_xavr/timer.c **** 
 133:/Users/Roger/Library/Mobile Documents/com~apple~CloudDocs/Firmwares/XAVR/DOC_xavr/DOC_xavr/timer.c **** 	u8 dig_array[] = {0x04, 0x02, 0x01, 0x08};  //array to cycle through the different anodes
 189               	.LM9:
 190 002a 84E0      		ldi r24,lo8(4)
 191 002c 8983      		std Y+1,r24
 192 002e 82E0      		ldi r24,lo8(2)
 193 0030 8A83      		std Y+2,r24
 194 0032 81E0      		ldi r24,lo8(1)
 195 0034 8B83      		std Y+3,r24
 196 0036 88E0      		ldi r24,lo8(8)
 197 0038 8C83      		std Y+4,r24
 134:/Users/Roger/Library/Mobile Documents/com~apple~CloudDocs/Firmwares/XAVR/DOC_xavr/DOC_xavr/timer.c ****     placeholder ++;
 199               	.LM10:
 200 003a 8091 0000 		lds r24,placeholder
 201 003e 8F5F      		subi r24,lo8(-(1))
 135:/Users/Roger/Library/Mobile Documents/com~apple~CloudDocs/Firmwares/XAVR/DOC_xavr/DOC_xavr/timer.c ****     if(placeholder >= 4){
 203               	.LM11:
 204 0040 8430      		cpi r24,lo8(4)
 205 0042 00F4      		brsh .L4
 134:/Users/Roger/Library/Mobile Documents/com~apple~CloudDocs/Firmwares/XAVR/DOC_xavr/DOC_xavr/timer.c ****     placeholder ++;
 207               	.LM12:
 208 0044 8093 0000 		sts placeholder,r24
 209 0048 00C0      		rjmp .L5
 210               	.L4:
 136:/Users/Roger/Library/Mobile Documents/com~apple~CloudDocs/Firmwares/XAVR/DOC_xavr/DOC_xavr/timer.c ****         placeholder = 0;
 212               	.LM13:
 213 004a 1092 0000 		sts placeholder,__zero_reg__
 214               	.L5:
 137:/Users/Roger/Library/Mobile Documents/com~apple~CloudDocs/Firmwares/XAVR/DOC_xavr/DOC_xavr/timer.c ****     }
 138:/Users/Roger/Library/Mobile Documents/com~apple~CloudDocs/Firmwares/XAVR/DOC_xavr/DOC_xavr/timer.c ****     PORTD = numbers[digits[placeholder]];   //set up bjts on cathodes.
 216               	.LM14:
 217 004e E091 0000 		lds r30,placeholder
 218 0052 F0E0      		ldi r31,0
 219 0054 E050      		subi r30,lo8(-(digits))
 220 0056 F040      		sbci r31,hi8(-(digits))
 221 0058 E081      		ld r30,Z
 222 005a F0E0      		ldi r31,0
 223 005c E050      		subi r30,lo8(-(numbers))
 224 005e F040      		sbci r31,hi8(-(numbers))
 225 0060 8081      		ld r24,Z
 226 0062 8BB9      		out 0xb,r24
 139:/Users/Roger/Library/Mobile Documents/com~apple~CloudDocs/Firmwares/XAVR/DOC_xavr/DOC_xavr/timer.c **** 	
 140:/Users/Roger/Library/Mobile Documents/com~apple~CloudDocs/Firmwares/XAVR/DOC_xavr/DOC_xavr/timer.c **** 	
 141:/Users/Roger/Library/Mobile Documents/com~apple~CloudDocs/Firmwares/XAVR/DOC_xavr/DOC_xavr/timer.c ****  switch (clockstat){	//this switch will determine the colon/decimal place
 228               	.LM15:
 229 0064 8091 0000 		lds r24,clockstat
 230 0068 8130      		cpi r24,lo8(1)
 231 006a 01F0      		breq .L7
 232 006c 8330      		cpi r24,lo8(3)
 233 006e 01F0      		breq .L8
 234 0070 00C0      		rjmp .L6
 235               	.L7:
 142:/Users/Roger/Library/Mobile Documents/com~apple~CloudDocs/Firmwares/XAVR/DOC_xavr/DOC_xavr/timer.c **** 	 case clockrun:
 143:/Users/Roger/Library/Mobile Documents/com~apple~CloudDocs/Firmwares/XAVR/DOC_xavr/DOC_xavr/timer.c **** 		if(digits[0] & 0x01){  //if we've got an odd number
 237               	.LM16:
 238 0072 8091 0000 		lds r24,digits
 239 0076 80FF      		sbrs r24,0
 240 0078 00C0      		rjmp .L6
 241 007a 00C0      		rjmp .L12
 242               	.L8:
 144:/Users/Roger/Library/Mobile Documents/com~apple~CloudDocs/Firmwares/XAVR/DOC_xavr/DOC_xavr/timer.c **** 			PORTD |= 0x08;
 145:/Users/Roger/Library/Mobile Documents/com~apple~CloudDocs/Firmwares/XAVR/DOC_xavr/DOC_xavr/timer.c **** 		}	//set the colon when we have an odd number
 146:/Users/Roger/Library/Mobile Documents/com~apple~CloudDocs/Firmwares/XAVR/DOC_xavr/DOC_xavr/timer.c **** 		
 147:/Users/Roger/Library/Mobile Documents/com~apple~CloudDocs/Firmwares/XAVR/DOC_xavr/DOC_xavr/timer.c **** 		break;
 148:/Users/Roger/Library/Mobile Documents/com~apple~CloudDocs/Firmwares/XAVR/DOC_xavr/DOC_xavr/timer.c **** 		
 149:/Users/Roger/Library/Mobile Documents/com~apple~CloudDocs/Firmwares/XAVR/DOC_xavr/DOC_xavr/timer.c **** 		case voltdisp:
 150:/Users/Roger/Library/Mobile Documents/com~apple~CloudDocs/Firmwares/XAVR/DOC_xavr/DOC_xavr/timer.c **** 		if (placeholder == 2){  //while displaying the voltage, set the lower dot of hte colon to be a ce
 244               	.LM17:
 245 007c 8091 0000 		lds r24,placeholder
 246 0080 8230      		cpi r24,lo8(2)
 247 0082 01F4      		brne .L6
 248               	.L12:
 151:/Users/Roger/Library/Mobile Documents/com~apple~CloudDocs/Firmwares/XAVR/DOC_xavr/DOC_xavr/timer.c **** 			PORTD |= 0x08;
 250               	.LM18:
 251 0084 5B9A      		sbi 0xb,3
 252               	.L6:
 152:/Users/Roger/Library/Mobile Documents/com~apple~CloudDocs/Firmwares/XAVR/DOC_xavr/DOC_xavr/timer.c **** 		}
 153:/Users/Roger/Library/Mobile Documents/com~apple~CloudDocs/Firmwares/XAVR/DOC_xavr/DOC_xavr/timer.c **** 		break;
 154:/Users/Roger/Library/Mobile Documents/com~apple~CloudDocs/Firmwares/XAVR/DOC_xavr/DOC_xavr/timer.c **** 		
 155:/Users/Roger/Library/Mobile Documents/com~apple~CloudDocs/Firmwares/XAVR/DOC_xavr/DOC_xavr/timer.c **** 	}	//end of switch
 156:/Users/Roger/Library/Mobile Documents/com~apple~CloudDocs/Firmwares/XAVR/DOC_xavr/DOC_xavr/timer.c **** 
 157:/Users/Roger/Library/Mobile Documents/com~apple~CloudDocs/Firmwares/XAVR/DOC_xavr/DOC_xavr/timer.c ****     PORTC &= ~(dig_array[placeholder]);    //enable the appropriate anode by clearing the Gate of t
 254               	.LM19:
 255 0086 98B1      		in r25,0x8
 256 0088 8091 0000 		lds r24,placeholder
 257 008c FE01      		movw r30,r28
 258 008e E80F      		add r30,r24
 259 0090 F11D      		adc r31,__zero_reg__
 260 0092 8181      		ldd r24,Z+1
 261 0094 8095      		com r24
 262 0096 8923      		and r24,r25
 263 0098 88B9      		out 0x8,r24
 264               	/* epilogue start */
 158:/Users/Roger/Library/Mobile Documents/com~apple~CloudDocs/Firmwares/XAVR/DOC_xavr/DOC_xavr/timer.c **** 
 159:/Users/Roger/Library/Mobile Documents/com~apple~CloudDocs/Firmwares/XAVR/DOC_xavr/DOC_xavr/timer.c **** }   //end of next_digit function
 266               	.LM20:
 267 009a 0F90      		pop __tmp_reg__
 268 009c 0F90      		pop __tmp_reg__
 269 009e 0F90      		pop __tmp_reg__
 270 00a0 0F90      		pop __tmp_reg__
 271 00a2 DF91      		pop r29
 272 00a4 CF91      		pop r28
 273 00a6 0895      		ret
 278               	.Lscope3:
 280               	.global	inc_seconds
 282               	inc_seconds:
 160:/Users/Roger/Library/Mobile Documents/com~apple~CloudDocs/Firmwares/XAVR/DOC_xavr/DOC_xavr/timer.c **** 
 161:/Users/Roger/Library/Mobile Documents/com~apple~CloudDocs/Firmwares/XAVR/DOC_xavr/DOC_xavr/timer.c **** 
 162:/Users/Roger/Library/Mobile Documents/com~apple~CloudDocs/Firmwares/XAVR/DOC_xavr/DOC_xavr/timer.c **** 
 163:/Users/Roger/Library/Mobile Documents/com~apple~CloudDocs/Firmwares/XAVR/DOC_xavr/DOC_xavr/timer.c **** //function to actually increment the time.
 164:/Users/Roger/Library/Mobile Documents/com~apple~CloudDocs/Firmwares/XAVR/DOC_xavr/DOC_xavr/timer.c **** void inc_seconds(void){
 284               	.LM21:
 285               	.LFBB4:
 286               	/* prologue: function */
 287               	/* frame size = 0 */
 288               	/* stack size = 0 */
 289               	.L__stack_usage = 0
 165:/Users/Roger/Library/Mobile Documents/com~apple~CloudDocs/Firmwares/XAVR/DOC_xavr/DOC_xavr/timer.c **** 	
 166:/Users/Roger/Library/Mobile Documents/com~apple~CloudDocs/Firmwares/XAVR/DOC_xavr/DOC_xavr/timer.c ****     digits[0] ++;
 291               	.LM22:
 292 00a8 8091 0000 		lds r24,digits
 293 00ac 8F5F      		subi r24,lo8(-(1))
 167:/Users/Roger/Library/Mobile Documents/com~apple~CloudDocs/Firmwares/XAVR/DOC_xavr/DOC_xavr/timer.c ****     if(digits[0] >= 10){
 295               	.LM23:
 296 00ae 8A30      		cpi r24,lo8(10)
 297 00b0 00F4      		brsh .L15
 166:/Users/Roger/Library/Mobile Documents/com~apple~CloudDocs/Firmwares/XAVR/DOC_xavr/DOC_xavr/timer.c ****     if(digits[0] >= 10){
 299               	.LM24:
 300 00b2 8093 0000 		sts digits,r24
 301 00b6 00C0      		rjmp .L16
 302               	.L15:
 168:/Users/Roger/Library/Mobile Documents/com~apple~CloudDocs/Firmwares/XAVR/DOC_xavr/DOC_xavr/timer.c ****         digits[0] = 0;
 304               	.LM25:
 305 00b8 1092 0000 		sts digits,__zero_reg__
 169:/Users/Roger/Library/Mobile Documents/com~apple~CloudDocs/Firmwares/XAVR/DOC_xavr/DOC_xavr/timer.c ****         digits[1]++;
 307               	.LM26:
 308 00bc 8091 0000 		lds r24,digits+1
 309 00c0 8F5F      		subi r24,lo8(-(1))
 310 00c2 8093 0000 		sts digits+1,r24
 311               	.L16:
 170:/Users/Roger/Library/Mobile Documents/com~apple~CloudDocs/Firmwares/XAVR/DOC_xavr/DOC_xavr/timer.c ****     }
 171:/Users/Roger/Library/Mobile Documents/com~apple~CloudDocs/Firmwares/XAVR/DOC_xavr/DOC_xavr/timer.c ****     if(digits[1] >= 6){
 313               	.LM27:
 314 00c6 8091 0000 		lds r24,digits+1
 315 00ca 8630      		cpi r24,lo8(6)
 316 00cc 00F0      		brlo .L17
 172:/Users/Roger/Library/Mobile Documents/com~apple~CloudDocs/Firmwares/XAVR/DOC_xavr/DOC_xavr/timer.c ****         digits[1] = 0;
 318               	.LM28:
 319 00ce 1092 0000 		sts digits+1,__zero_reg__
 173:/Users/Roger/Library/Mobile Documents/com~apple~CloudDocs/Firmwares/XAVR/DOC_xavr/DOC_xavr/timer.c ****          digits[2]++;
 321               	.LM29:
 322 00d2 8091 0000 		lds r24,digits+2
 323 00d6 8F5F      		subi r24,lo8(-(1))
 324 00d8 8093 0000 		sts digits+2,r24
 325               	.L17:
 174:/Users/Roger/Library/Mobile Documents/com~apple~CloudDocs/Firmwares/XAVR/DOC_xavr/DOC_xavr/timer.c ****     }
 175:/Users/Roger/Library/Mobile Documents/com~apple~CloudDocs/Firmwares/XAVR/DOC_xavr/DOC_xavr/timer.c ****     if(digits[2] >= 10){
 327               	.LM30:
 328 00dc 8091 0000 		lds r24,digits+2
 329 00e0 8A30      		cpi r24,lo8(10)
 330 00e2 00F0      		brlo .L18
 176:/Users/Roger/Library/Mobile Documents/com~apple~CloudDocs/Firmwares/XAVR/DOC_xavr/DOC_xavr/timer.c ****         digits[2] = 0;
 332               	.LM31:
 333 00e4 1092 0000 		sts digits+2,__zero_reg__
 177:/Users/Roger/Library/Mobile Documents/com~apple~CloudDocs/Firmwares/XAVR/DOC_xavr/DOC_xavr/timer.c ****         digits[3] ++;
 335               	.LM32:
 336 00e8 8091 0000 		lds r24,digits+3
 337 00ec 8F5F      		subi r24,lo8(-(1))
 338 00ee 8093 0000 		sts digits+3,r24
 339               	.L18:
 178:/Users/Roger/Library/Mobile Documents/com~apple~CloudDocs/Firmwares/XAVR/DOC_xavr/DOC_xavr/timer.c ****     }
 179:/Users/Roger/Library/Mobile Documents/com~apple~CloudDocs/Firmwares/XAVR/DOC_xavr/DOC_xavr/timer.c ****     if(digits[3] >= 10){
 341               	.LM33:
 342 00f2 8091 0000 		lds r24,digits+3
 343 00f6 8A30      		cpi r24,lo8(10)
 344 00f8 00F0      		brlo .L14
 180:/Users/Roger/Library/Mobile Documents/com~apple~CloudDocs/Firmwares/XAVR/DOC_xavr/DOC_xavr/timer.c ****         digits[3] = 0;
 346               	.LM34:
 347 00fa 1092 0000 		sts digits+3,__zero_reg__
 348               	.L14:
 349 00fe 0895      		ret
 351               	.Lscope4:
 353               	.global	timeequals0
 355               	timeequals0:
 181:/Users/Roger/Library/Mobile Documents/com~apple~CloudDocs/Firmwares/XAVR/DOC_xavr/DOC_xavr/timer.c ****     }
 182:/Users/Roger/Library/Mobile Documents/com~apple~CloudDocs/Firmwares/XAVR/DOC_xavr/DOC_xavr/timer.c **** }
 183:/Users/Roger/Library/Mobile Documents/com~apple~CloudDocs/Firmwares/XAVR/DOC_xavr/DOC_xavr/timer.c **** 
 184:/Users/Roger/Library/Mobile Documents/com~apple~CloudDocs/Firmwares/XAVR/DOC_xavr/DOC_xavr/timer.c **** 
 185:/Users/Roger/Library/Mobile Documents/com~apple~CloudDocs/Firmwares/XAVR/DOC_xavr/DOC_xavr/timer.c **** 
 186:/Users/Roger/Library/Mobile Documents/com~apple~CloudDocs/Firmwares/XAVR/DOC_xavr/DOC_xavr/timer.c **** 
 187:/Users/Roger/Library/Mobile Documents/com~apple~CloudDocs/Firmwares/XAVR/DOC_xavr/DOC_xavr/timer.c **** 
 188:/Users/Roger/Library/Mobile Documents/com~apple~CloudDocs/Firmwares/XAVR/DOC_xavr/DOC_xavr/timer.c **** void timeequals0 (void){
 357               	.LM35:
 358               	.LFBB5:
 359               	/* prologue: function */
 360               	/* frame size = 0 */
 361               	/* stack size = 0 */
 362               	.L__stack_usage = 0
 363               	.LBB2:
 189:/Users/Roger/Library/Mobile Documents/com~apple~CloudDocs/Firmwares/XAVR/DOC_xavr/DOC_xavr/timer.c **** 	for(int i = 0; i < 4; i++){
 190:/Users/Roger/Library/Mobile Documents/com~apple~CloudDocs/Firmwares/XAVR/DOC_xavr/DOC_xavr/timer.c **** 		digits[i] = 0;
 365               	.LM36:
 366 0100 E0E0      		ldi r30,lo8(digits)
 367 0102 F0E0      		ldi r31,hi8(digits)
 368 0104 1082      		st Z,__zero_reg__
 369 0106 1182      		std Z+1,__zero_reg__
 370 0108 1282      		std Z+2,__zero_reg__
 371 010a 1382      		std Z+3,__zero_reg__
 372 010c 0895      		ret
 373               	.LBE2:
 375               	.Lscope5:
 377               	.global	shut_r_down
 379               	shut_r_down:
 191:/Users/Roger/Library/Mobile Documents/com~apple~CloudDocs/Firmwares/XAVR/DOC_xavr/DOC_xavr/timer.c **** 	}
 192:/Users/Roger/Library/Mobile Documents/com~apple~CloudDocs/Firmwares/XAVR/DOC_xavr/DOC_xavr/timer.c **** }
 193:/Users/Roger/Library/Mobile Documents/com~apple~CloudDocs/Firmwares/XAVR/DOC_xavr/DOC_xavr/timer.c **** 
 194:/Users/Roger/Library/Mobile Documents/com~apple~CloudDocs/Firmwares/XAVR/DOC_xavr/DOC_xavr/timer.c **** 
 195:/Users/Roger/Library/Mobile Documents/com~apple~CloudDocs/Firmwares/XAVR/DOC_xavr/DOC_xavr/timer.c **** 
 196:/Users/Roger/Library/Mobile Documents/com~apple~CloudDocs/Firmwares/XAVR/DOC_xavr/DOC_xavr/timer.c **** void shut_r_down(void){
 381               	.LM37:
 382               	.LFBB6:
 383               	/* prologue: function */
 384               	/* frame size = 0 */
 385               	/* stack size = 0 */
 386               	.L__stack_usage = 0
 197:/Users/Roger/Library/Mobile Documents/com~apple~CloudDocs/Firmwares/XAVR/DOC_xavr/DOC_xavr/timer.c **** 	timeequals0();
 388               	.LM38:
 389 010e 0E94 0000 		call timeequals0
 198:/Users/Roger/Library/Mobile Documents/com~apple~CloudDocs/Firmwares/XAVR/DOC_xavr/DOC_xavr/timer.c **** 	TCCR0B = 0;		//kill timer
 391               	.LM39:
 392 0112 15BC      		out 0x25,__zero_reg__
 199:/Users/Roger/Library/Mobile Documents/com~apple~CloudDocs/Firmwares/XAVR/DOC_xavr/DOC_xavr/timer.c **** 	PORTD = 0;		//turn off NPNs
 394               	.LM40:
 395 0114 1BB8      		out 0xb,__zero_reg__
 200:/Users/Roger/Library/Mobile Documents/com~apple~CloudDocs/Firmwares/XAVR/DOC_xavr/DOC_xavr/timer.c **** 	PORTC |= 0x0F;	//turn off P-ch
 397               	.LM41:
 398 0116 88B1      		in r24,0x8
 399 0118 8F60      		ori r24,lo8(15)
 400 011a 88B9      		out 0x8,r24
 201:/Users/Roger/Library/Mobile Documents/com~apple~CloudDocs/Firmwares/XAVR/DOC_xavr/DOC_xavr/timer.c **** 	set_sleep_mode(SLEEP_MODE_PWR_DOWN);	//going to deep sleep
 402               	.LM42:
 403 011c 83B7      		in r24,0x33
 404 011e 817F      		andi r24,lo8(-15)
 405 0120 8460      		ori r24,lo8(4)
 406 0122 83BF      		out 0x33,r24
 202:/Users/Roger/Library/Mobile Documents/com~apple~CloudDocs/Firmwares/XAVR/DOC_xavr/DOC_xavr/timer.c **** 	PCIFR |= 0x01;	//clear interrupt flag
 408               	.LM43:
 409 0124 D89A      		sbi 0x1b,0
 203:/Users/Roger/Library/Mobile Documents/com~apple~CloudDocs/Firmwares/XAVR/DOC_xavr/DOC_xavr/timer.c **** 	PCICR |= 0x01;	//enable Pin Change Interrupt
 411               	.LM44:
 412 0126 E8E6      		ldi r30,lo8(104)
 413 0128 F0E0      		ldi r31,0
 414 012a 8081      		ld r24,Z
 415 012c 8160      		ori r24,lo8(1)
 416 012e 8083      		st Z,r24
 204:/Users/Roger/Library/Mobile Documents/com~apple~CloudDocs/Firmwares/XAVR/DOC_xavr/DOC_xavr/timer.c **** 	sleep_mode();
 418               	.LM45:
 419 0130 83B7      		in r24,0x33
 420 0132 8160      		ori r24,lo8(1)
 421 0134 83BF      		out 0x33,r24
 422               	/* #APP */
 423               	 ;  204 "/Users/Roger/Library/Mobile Documents/com~apple~CloudDocs/Firmwares/XAVR/DOC_xavr/DOC_xavr
 424 0136 8895      		sleep
 425               		
 426               	 ;  0 "" 2
 427               	/* #NOAPP */
 428 0138 83B7      		in r24,0x33
 429 013a 8E7F      		andi r24,lo8(-2)
 430 013c 83BF      		out 0x33,r24
 205:/Users/Roger/Library/Mobile Documents/com~apple~CloudDocs/Firmwares/XAVR/DOC_xavr/DOC_xavr/timer.c **** 	asm ("nop");
 432               	.LM46:
 433               	/* #APP */
 434               	 ;  205 "/Users/Roger/Library/Mobile Documents/com~apple~CloudDocs/Firmwares/XAVR/DOC_xavr/DOC_xavr
 435 013e 0000      		nop
 436               	 ;  0 "" 2
 206:/Users/Roger/Library/Mobile Documents/com~apple~CloudDocs/Firmwares/XAVR/DOC_xavr/DOC_xavr/timer.c **** 	PCICR = 0;	//disable PC Interrupt
 438               	.LM47:
 439               	/* #NOAPP */
 440 0140 1082      		st Z,__zero_reg__
 207:/Users/Roger/Library/Mobile Documents/com~apple~CloudDocs/Firmwares/XAVR/DOC_xavr/DOC_xavr/timer.c **** 	set_sleep_mode(SLEEP_MODE_IDLE);	//change back to IDLE
 442               	.LM48:
 443 0142 83B7      		in r24,0x33
 444 0144 817F      		andi r24,lo8(-15)
 445 0146 83BF      		out 0x33,r24
 208:/Users/Roger/Library/Mobile Documents/com~apple~CloudDocs/Firmwares/XAVR/DOC_xavr/DOC_xavr/timer.c **** 	clockstat = clockrun;	//arming for post-reset
 447               	.LM49:
 448 0148 81E0      		ldi r24,lo8(1)
 449 014a 8093 0000 		sts clockstat,r24
 209:/Users/Roger/Library/Mobile Documents/com~apple~CloudDocs/Firmwares/XAVR/DOC_xavr/DOC_xavr/timer.c **** 	fallarm = 0;
 451               	.LM50:
 452 014e 1092 0000 		sts fallarm,__zero_reg__
 210:/Users/Roger/Library/Mobile Documents/com~apple~CloudDocs/Firmwares/XAVR/DOC_xavr/DOC_xavr/timer.c **** 	turnoff_arm = 1;
 454               	.LM51:
 455 0152 8093 0000 		sts turnoff_arm,r24
 211:/Users/Roger/Library/Mobile Documents/com~apple~CloudDocs/Firmwares/XAVR/DOC_xavr/DOC_xavr/timer.c **** 	cyclesinstat = 0;
 457               	.LM52:
 458 0156 1092 0000 		sts cyclesinstat+1,__zero_reg__
 459 015a 1092 0000 		sts cyclesinstat,__zero_reg__
 212:/Users/Roger/Library/Mobile Documents/com~apple~CloudDocs/Firmwares/XAVR/DOC_xavr/DOC_xavr/timer.c **** 	setsleepstat(0);
 461               	.LM53:
 462 015e 80E0      		ldi r24,0
 463 0160 0E94 0000 		call setsleepstat
 213:/Users/Roger/Library/Mobile Documents/com~apple~CloudDocs/Firmwares/XAVR/DOC_xavr/DOC_xavr/timer.c **** 	TCCR0B |= 0x02;	//re-enable clock
 465               	.LM54:
 466 0164 85B5      		in r24,0x25
 467 0166 8260      		ori r24,lo8(2)
 468 0168 85BD      		out 0x25,r24
 469 016a 0895      		ret
 471               	.Lscope6:
 473               	.global	display_batt
 475               	display_batt:
 214:/Users/Roger/Library/Mobile Documents/com~apple~CloudDocs/Firmwares/XAVR/DOC_xavr/DOC_xavr/timer.c **** }
 215:/Users/Roger/Library/Mobile Documents/com~apple~CloudDocs/Firmwares/XAVR/DOC_xavr/DOC_xavr/timer.c **** 
 216:/Users/Roger/Library/Mobile Documents/com~apple~CloudDocs/Firmwares/XAVR/DOC_xavr/DOC_xavr/timer.c **** //this just puts 'batt' across the display.  Will be called for 1 second prior to displaying the ac
 217:/Users/Roger/Library/Mobile Documents/com~apple~CloudDocs/Firmwares/XAVR/DOC_xavr/DOC_xavr/timer.c **** void display_batt(void){
 477               	.LM55:
 478               	.LFBB7:
 479               	/* prologue: function */
 480               	/* frame size = 0 */
 481               	/* stack size = 0 */
 482               	.L__stack_usage = 0
 483               	.LBB3:
 218:/Users/Roger/Library/Mobile Documents/com~apple~CloudDocs/Firmwares/XAVR/DOC_xavr/DOC_xavr/timer.c **** 		for (int i = 11; i < 15; i ++){
 219:/Users/Roger/Library/Mobile Documents/com~apple~CloudDocs/Firmwares/XAVR/DOC_xavr/DOC_xavr/timer.c **** 			digits[(i-11)] = i;
 485               	.LM56:
 486 016c E0E0      		ldi r30,lo8(digits)
 487 016e F0E0      		ldi r31,hi8(digits)
 488 0170 8BE0      		ldi r24,lo8(11)
 489 0172 8083      		st Z,r24
 490 0174 8CE0      		ldi r24,lo8(12)
 491 0176 8183      		std Z+1,r24
 492 0178 8DE0      		ldi r24,lo8(13)
 493 017a 8283      		std Z+2,r24
 494 017c 8EE0      		ldi r24,lo8(14)
 495 017e 8383      		std Z+3,r24
 496 0180 0895      		ret
 497               	.LBE3:
 499               	.Lscope7:
 502               	.global	display_volts
 504               	display_volts:
 220:/Users/Roger/Library/Mobile Documents/com~apple~CloudDocs/Firmwares/XAVR/DOC_xavr/DOC_xavr/timer.c **** 		}
 221:/Users/Roger/Library/Mobile Documents/com~apple~CloudDocs/Firmwares/XAVR/DOC_xavr/DOC_xavr/timer.c **** }
 222:/Users/Roger/Library/Mobile Documents/com~apple~CloudDocs/Firmwares/XAVR/DOC_xavr/DOC_xavr/timer.c **** 
 223:/Users/Roger/Library/Mobile Documents/com~apple~CloudDocs/Firmwares/XAVR/DOC_xavr/DOC_xavr/timer.c **** 
 224:/Users/Roger/Library/Mobile Documents/com~apple~CloudDocs/Firmwares/XAVR/DOC_xavr/DOC_xavr/timer.c **** 
 225:/Users/Roger/Library/Mobile Documents/com~apple~CloudDocs/Firmwares/XAVR/DOC_xavr/DOC_xavr/timer.c **** void display_volts (u16 adval){
 506               	.LM57:
 507               	.LFBB8:
 508               	/* prologue: function */
 509               	/* frame size = 0 */
 510               	/* stack size = 0 */
 511               	.L__stack_usage = 0
 226:/Users/Roger/Library/Mobile Documents/com~apple~CloudDocs/Firmwares/XAVR/DOC_xavr/DOC_xavr/timer.c **** 
 227:/Users/Roger/Library/Mobile Documents/com~apple~CloudDocs/Firmwares/XAVR/DOC_xavr/DOC_xavr/timer.c **** //this is will display the voltage.
 228:/Users/Roger/Library/Mobile Documents/com~apple~CloudDocs/Firmwares/XAVR/DOC_xavr/DOC_xavr/timer.c **** adval /= 10;		//drop to x.yz volts.  will allow me to use the bottom of the colon as decimal place 
 513               	.LM58:
 514 0182 2AE0      		ldi r18,lo8(10)
 515 0184 30E0      		ldi r19,0
 516 0186 B901      		movw r22,r18
 517 0188 0E94 0000 		call __udivmodhi4
 518 018c CB01      		movw r24,r22
 229:/Users/Roger/Library/Mobile Documents/com~apple~CloudDocs/Firmwares/XAVR/DOC_xavr/DOC_xavr/timer.c **** 	digits[0] = adval % 10;
 520               	.LM59:
 521 018e E0E0      		ldi r30,lo8(digits)
 522 0190 F0E0      		ldi r31,hi8(digits)
 523 0192 B901      		movw r22,r18
 524 0194 0E94 0000 		call __udivmodhi4
 525 0198 8083      		st Z,r24
 230:/Users/Roger/Library/Mobile Documents/com~apple~CloudDocs/Firmwares/XAVR/DOC_xavr/DOC_xavr/timer.c **** 	adval /= 10;
 231:/Users/Roger/Library/Mobile Documents/com~apple~CloudDocs/Firmwares/XAVR/DOC_xavr/DOC_xavr/timer.c **** 	digits [1] = adval %10;
 527               	.LM60:
 528 019a CB01      		movw r24,r22
 529 019c B901      		movw r22,r18
 530 019e 0E94 0000 		call __udivmodhi4
 531 01a2 8183      		std Z+1,r24
 232:/Users/Roger/Library/Mobile Documents/com~apple~CloudDocs/Firmwares/XAVR/DOC_xavr/DOC_xavr/timer.c **** 	adval /= 10;
 233:/Users/Roger/Library/Mobile Documents/com~apple~CloudDocs/Firmwares/XAVR/DOC_xavr/DOC_xavr/timer.c **** 	digits [2] = adval %10;
 533               	.LM61:
 534 01a4 CB01      		movw r24,r22
 535 01a6 B901      		movw r22,r18
 536 01a8 0E94 0000 		call __udivmodhi4
 537 01ac 8283      		std Z+2,r24
 234:/Users/Roger/Library/Mobile Documents/com~apple~CloudDocs/Firmwares/XAVR/DOC_xavr/DOC_xavr/timer.c **** 	digits [3] = 10;	//10 is all off
 539               	.LM62:
 540 01ae 8AE0      		ldi r24,lo8(10)
 541 01b0 8383      		std Z+3,r24
 542 01b2 0895      		ret
 544               	.Lscope8:
 546               	.global	display_intensity
 548               	display_intensity:
 235:/Users/Roger/Library/Mobile Documents/com~apple~CloudDocs/Firmwares/XAVR/DOC_xavr/DOC_xavr/timer.c **** }
 236:/Users/Roger/Library/Mobile Documents/com~apple~CloudDocs/Firmwares/XAVR/DOC_xavr/DOC_xavr/timer.c **** 
 237:/Users/Roger/Library/Mobile Documents/com~apple~CloudDocs/Firmwares/XAVR/DOC_xavr/DOC_xavr/timer.c **** 
 238:/Users/Roger/Library/Mobile Documents/com~apple~CloudDocs/Firmwares/XAVR/DOC_xavr/DOC_xavr/timer.c **** void display_intensity (void) {
 550               	.LM63:
 551               	.LFBB9:
 552               	/* prologue: function */
 553               	/* frame size = 0 */
 554               	/* stack size = 0 */
 555               	.L__stack_usage = 0
 239:/Users/Roger/Library/Mobile Documents/com~apple~CloudDocs/Firmwares/XAVR/DOC_xavr/DOC_xavr/timer.c ****     intensity ++;
 557               	.LM64:
 558 01b4 8091 0000 		lds r24,intensity
 559 01b8 8F5F      		subi r24,lo8(-(1))
 240:/Users/Roger/Library/Mobile Documents/com~apple~CloudDocs/Firmwares/XAVR/DOC_xavr/DOC_xavr/timer.c ****     if(intensity == 10){intensity = 1;}
 561               	.LM65:
 562 01ba 8A30      		cpi r24,lo8(10)
 563 01bc 01F4      		brne .L27
 565               	.LM66:
 566 01be 81E0      		ldi r24,lo8(1)
 567               	.L27:
 568 01c0 8093 0000 		sts intensity,r24
 569               	.LBB4:
 241:/Users/Roger/Library/Mobile Documents/com~apple~CloudDocs/Firmwares/XAVR/DOC_xavr/DOC_xavr/timer.c ****     for (int i = 0; i < 4; i ++){
 242:/Users/Roger/Library/Mobile Documents/com~apple~CloudDocs/Firmwares/XAVR/DOC_xavr/DOC_xavr/timer.c ****         digits[i] = intensity;
 571               	.LM67:
 572 01c4 8091 0000 		lds r24,intensity
 573 01c8 8093 0000 		sts digits,r24
 574 01cc 8093 0000 		sts digits+1,r24
 575 01d0 8093 0000 		sts digits+2,r24
 576 01d4 8093 0000 		sts digits+3,r24
 577 01d8 0895      		ret
 578               	.LBE4:
 580               	.Lscope9:
 582               	.global	__vector_14
 584               	__vector_14:
  44:/Users/Roger/Library/Mobile Documents/com~apple~CloudDocs/Firmwares/XAVR/DOC_xavr/DOC_xavr/timer.c ****     static u8 two_hun_mics = 0;
 586               	.LM68:
 587               	.LFBB10:
 588 01da 1F92      		push r1
 589 01dc 0F92      		push r0
 590 01de 0FB6      		in r0,__SREG__
 591 01e0 0F92      		push r0
 592 01e2 1124      		clr __zero_reg__
 593 01e4 0F93      		push r16
 594 01e6 1F93      		push r17
 595 01e8 2F93      		push r18
 596 01ea 3F93      		push r19
 597 01ec 4F93      		push r20
 598 01ee 5F93      		push r21
 599 01f0 6F93      		push r22
 600 01f2 7F93      		push r23
 601 01f4 8F93      		push r24
 602 01f6 9F93      		push r25
 603 01f8 AF93      		push r26
 604 01fa BF93      		push r27
 605 01fc CF93      		push r28
 606 01fe EF93      		push r30
 607 0200 FF93      		push r31
 608               	/* prologue: Signal */
 609               	/* frame size = 0 */
 610               	/* stack size = 18 */
 611               	.L__stack_usage = 18
  50:/Users/Roger/Library/Mobile Documents/com~apple~CloudDocs/Firmwares/XAVR/DOC_xavr/DOC_xavr/timer.c **** 	if(butstat == laststat){
 613               	.LM69:
 614 0202 C3B1      		in r28,0x3
 615 0204 C170      		andi r28,lo8(1)
 616 0206 C093 0000 		sts butstat,r28
  51:/Users/Roger/Library/Mobile Documents/com~apple~CloudDocs/Firmwares/XAVR/DOC_xavr/DOC_xavr/timer.c **** 		cyclesinstat ++;
 618               	.LM70:
 619 020a 2091 0000 		lds r18,laststat
 620 020e C213      		cpse r28,r18
 621 0210 00C0      		rjmp .L29
  52:/Users/Roger/Library/Mobile Documents/com~apple~CloudDocs/Firmwares/XAVR/DOC_xavr/DOC_xavr/timer.c **** 	} else{	//count how many times I've been in this status
 623               	.LM71:
 624 0212 8091 0000 		lds r24,cyclesinstat
 625 0216 9091 0000 		lds r25,cyclesinstat+1
 626 021a 0196      		adiw r24,1
 627 021c 9093 0000 		sts cyclesinstat+1,r25
 628 0220 8093 0000 		sts cyclesinstat,r24
 629 0224 00C0      		rjmp .L30
 630               	.L29:
  54:/Users/Roger/Library/Mobile Documents/com~apple~CloudDocs/Firmwares/XAVR/DOC_xavr/DOC_xavr/timer.c **** 	} //reset counter if the status has changed.
 632               	.LM72:
 633 0226 1092 0000 		sts cyclesinstat+1,__zero_reg__
 634 022a 1092 0000 		sts cyclesinstat,__zero_reg__
 635               	.L30:
  56:/Users/Roger/Library/Mobile Documents/com~apple~CloudDocs/Firmwares/XAVR/DOC_xavr/DOC_xavr/timer.c **** 		fallarm = 1;
 637               	.LM73:
 638 022e 0091 0000 		lds r16,cyclesinstat
 639 0232 1091 0000 		lds r17,cyclesinstat+1
 640 0236 0333      		cpi r16,51
 641 0238 1105      		cpc r17,__zero_reg__
 642 023a 00F0      		brlo .L31
  56:/Users/Roger/Library/Mobile Documents/com~apple~CloudDocs/Firmwares/XAVR/DOC_xavr/DOC_xavr/timer.c **** 		fallarm = 1;
 644               	.LM74:
 645 023c 2223      		tst r18
 646 023e 01F0      		breq .L31
  56:/Users/Roger/Library/Mobile Documents/com~apple~CloudDocs/Firmwares/XAVR/DOC_xavr/DOC_xavr/timer.c **** 		fallarm = 1;
 648               	.LM75:
 649 0240 8091 0000 		lds r24,turnoff_arm
 650 0244 8823      		tst r24
 651 0246 01F0      		breq .L31
  57:/Users/Roger/Library/Mobile Documents/com~apple~CloudDocs/Firmwares/XAVR/DOC_xavr/DOC_xavr/timer.c **** 		clockstat = clockrun;
 653               	.LM76:
 654 0248 81E0      		ldi r24,lo8(1)
 655 024a 8093 0000 		sts fallarm,r24
  58:/Users/Roger/Library/Mobile Documents/com~apple~CloudDocs/Firmwares/XAVR/DOC_xavr/DOC_xavr/timer.c **** 	}	//if the button is hi and it's been hi for 50 cycles (50 x 200uS = 10mS), set it up so the next 
 657               	.LM77:
 658 024e 8093 0000 		sts clockstat,r24
 659               	.L31:
  60:/Users/Roger/Library/Mobile Documents/com~apple~CloudDocs/Firmwares/XAVR/DOC_xavr/DOC_xavr/timer.c **** 		fallarm = 0;
 661               	.LM78:
 662 0252 8091 0000 		lds r24,fallarm
 663 0256 8823      		tst r24
 664 0258 01F0      		breq .L32
  60:/Users/Roger/Library/Mobile Documents/com~apple~CloudDocs/Firmwares/XAVR/DOC_xavr/DOC_xavr/timer.c **** 		fallarm = 0;
 666               	.LM79:
 667 025a C111      		cpse r28,__zero_reg__
 668 025c 00C0      		rjmp .L32
  61:/Users/Roger/Library/Mobile Documents/com~apple~CloudDocs/Firmwares/XAVR/DOC_xavr/DOC_xavr/timer.c **** 		timeequals0();
 670               	.LM80:
 671 025e 1092 0000 		sts fallarm,__zero_reg__
  62:/Users/Roger/Library/Mobile Documents/com~apple~CloudDocs/Firmwares/XAVR/DOC_xavr/DOC_xavr/timer.c **** 		clockstat = clockoff;
 673               	.LM81:
 674 0262 0E94 0000 		call timeequals0
  63:/Users/Roger/Library/Mobile Documents/com~apple~CloudDocs/Firmwares/XAVR/DOC_xavr/DOC_xavr/timer.c **** 		}
 676               	.LM82:
 677 0266 1092 0000 		sts clockstat,__zero_reg__
 678               	.L32:
  65:/Users/Roger/Library/Mobile Documents/com~apple~CloudDocs/Firmwares/XAVR/DOC_xavr/DOC_xavr/timer.c **** 		{
 680               	.LM83:
 681 026a 8091 0000 		lds r24,turnoff_arm
 682 026e 8823      		tst r24
 683 0270 01F0      		breq .L33
  65:/Users/Roger/Library/Mobile Documents/com~apple~CloudDocs/Firmwares/XAVR/DOC_xavr/DOC_xavr/timer.c **** 		{
 685               	.LM84:
 686 0272 C111      		cpse r28,__zero_reg__
 687 0274 00C0      		rjmp .L33
  65:/Users/Roger/Library/Mobile Documents/com~apple~CloudDocs/Firmwares/XAVR/DOC_xavr/DOC_xavr/timer.c **** 		{
 689               	.LM85:
 690 0276 0031      		cpi r16,16
 691 0278 1742      		sbci r17,39
 692 027a 00F0      		brlo .L33
  67:/Users/Roger/Library/Mobile Documents/com~apple~CloudDocs/Firmwares/XAVR/DOC_xavr/DOC_xavr/timer.c **** 			display_batt();
 694               	.LM86:
 695 027c 1092 0000 		sts two_milliseconds.1768+1,__zero_reg__
 696 0280 1092 0000 		sts two_milliseconds.1768,__zero_reg__
  68:/Users/Roger/Library/Mobile Documents/com~apple~CloudDocs/Firmwares/XAVR/DOC_xavr/DOC_xavr/timer.c **** 			clockstat = batdisp;
 698               	.LM87:
 699 0284 0E94 0000 		call display_batt
  69:/Users/Roger/Library/Mobile Documents/com~apple~CloudDocs/Firmwares/XAVR/DOC_xavr/DOC_xavr/timer.c **** 			turnoff_arm = 0;	//don't come back until this is re-armed at wakeup
 701               	.LM88:
 702 0288 82E0      		ldi r24,lo8(2)
 703 028a 8093 0000 		sts clockstat,r24
  70:/Users/Roger/Library/Mobile Documents/com~apple~CloudDocs/Firmwares/XAVR/DOC_xavr/DOC_xavr/timer.c **** 		}
 705               	.LM89:
 706 028e 1092 0000 		sts turnoff_arm,__zero_reg__
 707               	.L33:
  72:/Users/Roger/Library/Mobile Documents/com~apple~CloudDocs/Firmwares/XAVR/DOC_xavr/DOC_xavr/timer.c ****         timeequals0();
 709               	.LM90:
 710 0292 8091 0000 		lds r24,clockstat
 711 0296 8430      		cpi r24,lo8(4)
 712 0298 01F4      		brne .L34
  72:/Users/Roger/Library/Mobile Documents/com~apple~CloudDocs/Firmwares/XAVR/DOC_xavr/DOC_xavr/timer.c ****         timeequals0();
 714               	.LM91:
 715 029a CC23      		tst r28
 716 029c 01F0      		breq .L34
  73:/Users/Roger/Library/Mobile Documents/com~apple~CloudDocs/Firmwares/XAVR/DOC_xavr/DOC_xavr/timer.c ****         turnoff_arm = 1;
 718               	.LM92:
 719 029e 0E94 0000 		call timeequals0
  74:/Users/Roger/Library/Mobile Documents/com~apple~CloudDocs/Firmwares/XAVR/DOC_xavr/DOC_xavr/timer.c ****         clockstat = clockrun;
 721               	.LM93:
 722 02a2 81E0      		ldi r24,lo8(1)
 723 02a4 8093 0000 		sts turnoff_arm,r24
  75:/Users/Roger/Library/Mobile Documents/com~apple~CloudDocs/Firmwares/XAVR/DOC_xavr/DOC_xavr/timer.c ****     }
 725               	.LM94:
 726 02a8 8093 0000 		sts clockstat,r24
 727               	.L34:
  77:/Users/Roger/Library/Mobile Documents/com~apple~CloudDocs/Firmwares/XAVR/DOC_xavr/DOC_xavr/timer.c **** 
 729               	.LM95:
 730 02ac C093 0000 		sts laststat,r28
  80:/Users/Roger/Library/Mobile Documents/com~apple~CloudDocs/Firmwares/XAVR/DOC_xavr/DOC_xavr/timer.c ****     if (two_hun_mics >= intensity){ //once the intensity level is reached will kill the active LED
 732               	.LM96:
 733 02b0 8091 0000 		lds r24,two_hun_mics.1767
 734 02b4 8F5F      		subi r24,lo8(-(1))
 735 02b6 8093 0000 		sts two_hun_mics.1767,r24
  81:/Users/Roger/Library/Mobile Documents/com~apple~CloudDocs/Firmwares/XAVR/DOC_xavr/DOC_xavr/timer.c ****         PORTC|= 0x0F;  //this will set the 4 LSB's of Port C, ensuring all anodes are off
 737               	.LM97:
 738 02ba 9091 0000 		lds r25,intensity
 739 02be 8917      		cp r24,r25
 740 02c0 00F0      		brlo .L35
  82:/Users/Roger/Library/Mobile Documents/com~apple~CloudDocs/Firmwares/XAVR/DOC_xavr/DOC_xavr/timer.c ****     }   //end of checking intensity
 742               	.LM98:
 743 02c2 88B1      		in r24,0x8
 744 02c4 8F60      		ori r24,lo8(15)
 745 02c6 88B9      		out 0x8,r24
 746               	.L35:
  85:/Users/Roger/Library/Mobile Documents/com~apple~CloudDocs/Firmwares/XAVR/DOC_xavr/DOC_xavr/timer.c ****         next_digit();   //function to cycle the 4 LSB's of PORTC to ensure that we're walking throu
 748               	.LM99:
 749 02c8 8091 0000 		lds r24,two_hun_mics.1767
 750 02cc 8A30      		cpi r24,lo8(10)
 751 02ce 00F0      		brlo .L36
  86:/Users/Roger/Library/Mobile Documents/com~apple~CloudDocs/Firmwares/XAVR/DOC_xavr/DOC_xavr/timer.c ****         two_hun_mics = 0;   //reset this value for next round
 753               	.LM100:
 754 02d0 0E94 0000 		call next_digit
  87:/Users/Roger/Library/Mobile Documents/com~apple~CloudDocs/Firmwares/XAVR/DOC_xavr/DOC_xavr/timer.c ****         two_milliseconds ++;    //if I've made it through 20 cycles of 100uS, increment the 2mS cnt
 756               	.LM101:
 757 02d4 1092 0000 		sts two_hun_mics.1767,__zero_reg__
  88:/Users/Roger/Library/Mobile Documents/com~apple~CloudDocs/Firmwares/XAVR/DOC_xavr/DOC_xavr/timer.c **** 		
 759               	.LM102:
 760 02d8 8091 0000 		lds r24,two_milliseconds.1768
 761 02dc 9091 0000 		lds r25,two_milliseconds.1768+1
 762 02e0 0196      		adiw r24,1
 763 02e2 9093 0000 		sts two_milliseconds.1768+1,r25
 764 02e6 8093 0000 		sts two_milliseconds.1768,r24
 765               	.L36:
  93:/Users/Roger/Library/Mobile Documents/com~apple~CloudDocs/Firmwares/XAVR/DOC_xavr/DOC_xavr/timer.c ****         
 767               	.LM103:
 768 02ea 8091 0000 		lds r24,two_milliseconds.1768
 769 02ee 9091 0000 		lds r25,two_milliseconds.1768+1
 770 02f2 843F      		cpi r24,-12
 771 02f4 9140      		sbci r25,1
 772 02f6 00F0      		brlo .L28
  96:/Users/Roger/Library/Mobile Documents/com~apple~CloudDocs/Firmwares/XAVR/DOC_xavr/DOC_xavr/timer.c ****          case clockrun:
 774               	.LM104:
 775 02f8 8091 0000 		lds r24,clockstat
 776 02fc 8230      		cpi r24,lo8(2)
 777 02fe 01F0      		breq .L39
 778 0300 00F4      		brsh .L40
 779 0302 8130      		cpi r24,lo8(1)
 780 0304 01F4      		brne .L38
  98:/Users/Roger/Library/Mobile Documents/com~apple~CloudDocs/Firmwares/XAVR/DOC_xavr/DOC_xavr/timer.c ****          break;
 782               	.LM105:
 783 0306 0E94 0000 		call inc_seconds
  99:/Users/Roger/Library/Mobile Documents/com~apple~CloudDocs/Firmwares/XAVR/DOC_xavr/DOC_xavr/timer.c ****          
 785               	.LM106:
 786 030a 00C0      		rjmp .L38
 787               	.L40:
  96:/Users/Roger/Library/Mobile Documents/com~apple~CloudDocs/Firmwares/XAVR/DOC_xavr/DOC_xavr/timer.c ****          case clockrun:
 789               	.LM107:
 790 030c 8330      		cpi r24,lo8(3)
 791 030e 01F0      		breq .L42
 792 0310 8430      		cpi r24,lo8(4)
 793 0312 01F4      		brne .L38
 109:/Users/Roger/Library/Mobile Documents/com~apple~CloudDocs/Firmwares/XAVR/DOC_xavr/DOC_xavr/timer.c ****                  
 795               	.LM108:
 796 0314 0E94 0000 		call display_intensity
 111:/Users/Roger/Library/Mobile Documents/com~apple~CloudDocs/Firmwares/XAVR/DOC_xavr/DOC_xavr/timer.c ****                  
 798               	.LM109:
 799 0318 00C0      		rjmp .L38
 800               	.L39:
 102:/Users/Roger/Library/Mobile Documents/com~apple~CloudDocs/Firmwares/XAVR/DOC_xavr/DOC_xavr/timer.c ****             clockstat = voltdisp;  //go to the mode where I'l wait for the button to have been rele
 802               	.LM110:
 803 031a 0E94 0000 		call read_ADC
 804 031e 0E94 0000 		call display_volts
 103:/Users/Roger/Library/Mobile Documents/com~apple~CloudDocs/Firmwares/XAVR/DOC_xavr/DOC_xavr/timer.c ****          break;
 806               	.LM111:
 807 0322 83E0      		ldi r24,lo8(3)
 808 0324 00C0      		rjmp .L60
 809               	.L42:
 115:/Users/Roger/Library/Mobile Documents/com~apple~CloudDocs/Firmwares/XAVR/DOC_xavr/DOC_xavr/timer.c ****             setsleepstat(1);   //this will set a flag in a function in main.c to initiate shutting 
 811               	.LM112:
 812 0326 2091 0000 		lds r18,butstat
 813 032a 8091 0000 		lds r24,cyclesinstat
 814 032e 9091 0000 		lds r25,cyclesinstat+1
 815 0332 2223      		tst r18
 816 0334 01F0      		breq .L44
 115:/Users/Roger/Library/Mobile Documents/com~apple~CloudDocs/Firmwares/XAVR/DOC_xavr/DOC_xavr/timer.c ****             setsleepstat(1);   //this will set a flag in a function in main.c to initiate shutting 
 818               	.LM113:
 819 0336 8031      		cpi r24,16
 820 0338 9742      		sbci r25,39
 821 033a 00F0      		brlo .L38
 116:/Users/Roger/Library/Mobile Documents/com~apple~CloudDocs/Firmwares/XAVR/DOC_xavr/DOC_xavr/timer.c ****             } else if (!butstat && (cyclesinstat >= 0x4E20)){
 823               	.LM114:
 824 033c 81E0      		ldi r24,lo8(1)
 825 033e 0E94 0000 		call setsleepstat
 826 0342 00C0      		rjmp .L38
 827               	.L44:
 117:/Users/Roger/Library/Mobile Documents/com~apple~CloudDocs/Firmwares/XAVR/DOC_xavr/DOC_xavr/timer.c ****                 clockstat = intenset; } //if the button's been down for 4 seconds and we're in this
 829               	.LM115:
 830 0344 8032      		cpi r24,32
 831 0346 9E44      		sbci r25,78
 832 0348 00F0      		brlo .L38
 118:/Users/Roger/Library/Mobile Documents/com~apple~CloudDocs/Firmwares/XAVR/DOC_xavr/DOC_xavr/timer.c **** 
 834               	.LM116:
 835 034a 84E0      		ldi r24,lo8(4)
 836               	.L60:
 837 034c 8093 0000 		sts clockstat,r24
 838               	.L38:
 123:/Users/Roger/Library/Mobile Documents/com~apple~CloudDocs/Firmwares/XAVR/DOC_xavr/DOC_xavr/timer.c ****     }
 840               	.LM117:
 841 0350 1092 0000 		sts two_milliseconds.1768+1,__zero_reg__
 842 0354 1092 0000 		sts two_milliseconds.1768,__zero_reg__
 843               	.L28:
 844               	/* epilogue start */
 126:/Users/Roger/Library/Mobile Documents/com~apple~CloudDocs/Firmwares/XAVR/DOC_xavr/DOC_xavr/timer.c **** 
 846               	.LM118:
 847 0358 FF91      		pop r31
 848 035a EF91      		pop r30
 849 035c CF91      		pop r28
 850 035e BF91      		pop r27
 851 0360 AF91      		pop r26
 852 0362 9F91      		pop r25
 853 0364 8F91      		pop r24
 854 0366 7F91      		pop r23
 855 0368 6F91      		pop r22
 856 036a 5F91      		pop r21
 857 036c 4F91      		pop r20
 858 036e 3F91      		pop r19
 859 0370 2F91      		pop r18
 860 0372 1F91      		pop r17
 861 0374 0F91      		pop r16
 862 0376 0F90      		pop r0
 863 0378 0FBE      		out __SREG__,r0
 864 037a 0F90      		pop r0
 865 037c 1F90      		pop r1
 866 037e 1895      		reti
 872               	.Lscope10:
 873               		.local	two_hun_mics.1767
 874               		.comm	two_hun_mics.1767,1,1
 875               		.local	two_milliseconds.1768
 876               		.comm	two_milliseconds.1768,2,1
 877               		.local	cyclesinstat
 878               		.comm	cyclesinstat,2,1
 879               		.local	intensity
 880               		.comm	intensity,1,1
 881               		.data
 884               	turnoff_arm:
 885 0000 01        		.byte	1
 888               	clockstat:
 889 0001 01        		.byte	1
 890               		.local	fallarm
 891               		.comm	fallarm,1,1
 892               		.local	laststat
 893               		.comm	laststat,1,1
 894               		.local	butstat
 895               		.comm	butstat,1,1
 896               		.local	placeholder
 897               		.comm	placeholder,1,1
 898               		.local	digits
 899               		.comm	digits,4,1
 900               	.global	numbers
 903               	numbers:
 904 0002 D7        		.byte	-41
 905 0003 14        		.byte	20
 906 0004 E6        		.byte	-26
 907 0005 B6        		.byte	-74
 908 0006 35        		.byte	53
 909 0007 B3        		.byte	-77
 910 0008 F3        		.byte	-13
 911 0009 16        		.byte	22
 912 000a F7        		.byte	-9
 913 000b B7        		.byte	-73
 914 000c 00        		.byte	0
 915 000d E1        		.byte	-31
 916 000e E1        		.byte	-31
 917 000f F0        		.byte	-16
 918 0010 F1        		.byte	-15
 929               		.text
 931               	.Letext0:
 932               		.ident	"GCC: (GNU) 4.9.3"
 933               	.global __do_copy_data
 934               	.global __do_clear_bss
DEFINED SYMBOLS
                            *ABS*:0000000000000000 timer.c
/var/folders/5n/sn67s4dx5cj3x2ns4qywc93r0000gn/T//cc5CsYNq.s:2      *ABS*:000000000000003e __SP_H__
/var/folders/5n/sn67s4dx5cj3x2ns4qywc93r0000gn/T//cc5CsYNq.s:3      *ABS*:000000000000003d __SP_L__
/var/folders/5n/sn67s4dx5cj3x2ns4qywc93r0000gn/T//cc5CsYNq.s:4      *ABS*:000000000000003f __SREG__
/var/folders/5n/sn67s4dx5cj3x2ns4qywc93r0000gn/T//cc5CsYNq.s:5      *ABS*:0000000000000000 __tmp_reg__
/var/folders/5n/sn67s4dx5cj3x2ns4qywc93r0000gn/T//cc5CsYNq.s:6      *ABS*:0000000000000001 __zero_reg__
/var/folders/5n/sn67s4dx5cj3x2ns4qywc93r0000gn/T//cc5CsYNq.s:121    .text:0000000000000000 timer0Init
/var/folders/5n/sn67s4dx5cj3x2ns4qywc93r0000gn/T//cc5CsYNq.s:157    .text:0000000000000018 initialize_intensity
/var/folders/5n/sn67s4dx5cj3x2ns4qywc93r0000gn/T//cc5CsYNq.s:878    .bss:0000000000000005 intensity
/var/folders/5n/sn67s4dx5cj3x2ns4qywc93r0000gn/T//cc5CsYNq.s:174    .text:000000000000001e next_digit
/var/folders/5n/sn67s4dx5cj3x2ns4qywc93r0000gn/T//cc5CsYNq.s:895    .bss:0000000000000009 placeholder
/var/folders/5n/sn67s4dx5cj3x2ns4qywc93r0000gn/T//cc5CsYNq.s:897    .bss:000000000000000a digits
/var/folders/5n/sn67s4dx5cj3x2ns4qywc93r0000gn/T//cc5CsYNq.s:903    .data:0000000000000002 numbers
/var/folders/5n/sn67s4dx5cj3x2ns4qywc93r0000gn/T//cc5CsYNq.s:888    .data:0000000000000001 clockstat
/var/folders/5n/sn67s4dx5cj3x2ns4qywc93r0000gn/T//cc5CsYNq.s:282    .text:00000000000000a8 inc_seconds
/var/folders/5n/sn67s4dx5cj3x2ns4qywc93r0000gn/T//cc5CsYNq.s:355    .text:0000000000000100 timeequals0
/var/folders/5n/sn67s4dx5cj3x2ns4qywc93r0000gn/T//cc5CsYNq.s:379    .text:000000000000010e shut_r_down
/var/folders/5n/sn67s4dx5cj3x2ns4qywc93r0000gn/T//cc5CsYNq.s:880    .bss:0000000000000006 fallarm
/var/folders/5n/sn67s4dx5cj3x2ns4qywc93r0000gn/T//cc5CsYNq.s:884    .data:0000000000000000 turnoff_arm
/var/folders/5n/sn67s4dx5cj3x2ns4qywc93r0000gn/T//cc5CsYNq.s:876    .bss:0000000000000003 cyclesinstat
/var/folders/5n/sn67s4dx5cj3x2ns4qywc93r0000gn/T//cc5CsYNq.s:475    .text:000000000000016c display_batt
/var/folders/5n/sn67s4dx5cj3x2ns4qywc93r0000gn/T//cc5CsYNq.s:504    .text:0000000000000182 display_volts
/var/folders/5n/sn67s4dx5cj3x2ns4qywc93r0000gn/T//cc5CsYNq.s:548    .text:00000000000001b4 display_intensity
/var/folders/5n/sn67s4dx5cj3x2ns4qywc93r0000gn/T//cc5CsYNq.s:584    .text:00000000000001da __vector_14
/var/folders/5n/sn67s4dx5cj3x2ns4qywc93r0000gn/T//cc5CsYNq.s:893    .bss:0000000000000008 butstat
/var/folders/5n/sn67s4dx5cj3x2ns4qywc93r0000gn/T//cc5CsYNq.s:891    .bss:0000000000000007 laststat
/var/folders/5n/sn67s4dx5cj3x2ns4qywc93r0000gn/T//cc5CsYNq.s:874    .bss:0000000000000001 two_milliseconds.1768
                             .bss:0000000000000000 two_hun_mics.1767

UNDEFINED SYMBOLS
setsleepstat
__udivmodhi4
read_ADC
__do_copy_data
__do_clear_bss
